<?xml version="1.0" encoding="utf-8"?><testsuites name="pytest tests"><testsuite name="pytest" errors="0" failures="1" skipped="0" tests="85" time="27.931" timestamp="2026-08-20T02:49:40.767820+00:00" hostname="agent-env-83579f6d-5c47-41b9-913b-0391e819220f"><testcase classname="tests.test_iteration2.TestIdentidadePublica" name="test_identidade_sem_auth" time="0.442" /><testcase classname="tests.test_iteration2.TestIdentidadePublica" name="test_identidade_reflete_config_salvada" time="0.772" /><testcase classname="tests.test_iteration2.TestRelatorioPDFLogo" name="test_pdf_com_logo_base64" time="0.395" /><testcase classname="tests.test_iteration2.TestRelatorioPDFLogo" name="test_pdf_com_logo_vazia" time="0.325" /><testcase classname="tests.test_iteration2.TestRelatorioPDFLogo" name="test_pdf_com_logo_url_http" time="0.318" /><testcase classname="tests.test_iteration2.TestRelatorioPDFLogo" name="test_pdf_com_logo_base64_invalida" time="0.321" /><testcase classname="tests.test_iteration2.TestAniversariantes" name="test_dashboard_aniversariantes_estrutura_e_ordem" time="0.077" /><testcase classname="tests.test_iteration2.TestAniversariantes" name="test_novo_cliente_aparece_no_card" time="0.227" /><testcase classname="tests.test_iteration2.TestAniversariantes" name="test_nascimento_vazio_nao_quebra" time="0.215" /><testcase classname="tests.test_iteration2.TestBackupAuto" name="test_requer_auth" time="0.125" /><testcase classname="tests.test_iteration2.TestBackupAuto" name="test_desativado" time="0.142" /><testcase classname="tests.test_iteration2.TestBackupAuto" name="test_cria_e_depois_ja_realizado_hoje" time="0.213" /><testcase classname="tests.test_iteration2.TestBackupAuto" name="test_atendente_tambem_pode_disparar" time="0.406" /><testcase classname="tests.test_iteration2.TestBackupAuto" name="test_estado_final_backup_ativado" time="0.164" /><testcase classname="tests.test_iteration2.TestRegressao" name="test_login_admin_e_atendente" time="0.133" /><testcase classname="tests.test_iteration2.TestRegressao" name="test_atendente_bloqueado_em_backup_config_logs" time="0.189" /><testcase classname="tests.test_iteration2.TestRegressao" name="test_atendente_bloqueado_em_relatorios_api" time="0.186" /><testcase classname="tests.test_iteration2.TestRegressao" name="test_atendimento_total_e_comissao" time="0.219" /><testcase classname="tests.test_iteration2.TestRegressao" name="test_caixa_fluxo" time="0.434" /><testcase classname="tests.test_iteration2.TestRegressao" name="test_limpar_dados_exige_confirmacao" time="0.144" /><testcase classname="tests.backend_test.TestAuth" name="test_login_admin_ok" time="0.375" /><testcase classname="tests.backend_test.TestAuth" name="test_login_bad_password" time="0.347" /><testcase classname="tests.backend_test.TestAuth" name="test_login_atendente_ok" time="0.346" /><testcase classname="tests.backend_test.TestAuth" name="test_me" time="0.466" /><testcase classname="tests.backend_test.TestAuth" name="test_me_no_token" time="0.115" /><testcase classname="tests.backend_test.TestRBAC" name="test_atendente_cannot_list_usuarios" time="0.444" /><testcase classname="tests.backend_test.TestRBAC" name="test_atendente_cannot_put_config" time="0.131" /><testcase classname="tests.backend_test.TestRBAC" name="test_atendente_cannot_backup" time="0.118" /><testcase classname="tests.backend_test.TestRBAC" name="test_admin_can_list_usuarios" time="0.105" /><testcase classname="tests.backend_test.TestClientesCrud" name="test_create_search_delete" time="0.467" /><testcase classname="tests.backend_test.TestBarbeirosServicos" name="test_barbeiro_edit_delete" time="0.334" /><testcase classname="tests.backend_test.TestBarbeirosServicos" name="test_servico_crud" time="0.238" /><testcase classname="tests.backend_test.TestAgendamentos" name="test_create_and_conflict" time="0.815" /><testcase classname="tests.backend_test.TestAtendimento" name="test_full_pos_flow" time="0.869" /><testcase classname="tests.backend_test.TestPacotes" name="test_pacote_use" time="0.957" /><testcase classname="tests.backend_test.TestCaixa" name="test_caixa_flow" time="0.869" /><testcase classname="tests.backend_test.TestEstoque" name="test_movs" time="0.727" /><testcase classname="tests.backend_test.TestDespesasDashboard" name="test_despesa_and_dashboard" time="0.216" /><testcase classname="tests.backend_test.TestRelatorios" name="test_relatorio_json[financeiro]" time="0.119" /><testcase classname="tests.backend_test.TestRelatorios" name="test_relatorio_json[barbeiros]" time="0.126" /><testcase classname="tests.backend_test.TestRelatorios" name="test_relatorio_json[clientes]" time="0.113" /><testcase classname="tests.backend_test.TestRelatorios" name="test_relatorio_json[servicos]" time="0.095" /><testcase classname="tests.backend_test.TestRelatorios" name="test_relatorio_json[produtos]" time="0.120" /><testcase classname="tests.backend_test.TestRelatorios" name="test_relatorio_csv" time="0.102" /><testcase classname="tests.backend_test.TestBackup" name="test_backup_list_create" time="0.231" /><testcase classname="tests.backend_test.TestChangePwd" name="test_change_and_restore" time="2.191" /><testcase classname="tests.test_iteration3.TestBackupBody" name="test_backup_com_corpo_vazio" time="0.417" /><testcase classname="tests.test_iteration3.TestBackupBody" name="test_backup_com_pasta" time="0.067" /><testcase classname="tests.test_iteration3.TestBackupBody" name="test_backup_sem_corpo" time="0.078" /><testcase classname="tests.test_iteration3.TestBackupBody" name="test_backup_body_null_explicito" time="0.065" /><testcase classname="tests.test_iteration3.TestBackupBody" name="test_backup_lista_contem_criados" time="0.066" /><testcase classname="tests.test_iteration3.TestBackupBody" name="test_backup_403_atendente" time="0.450" /><testcase classname="tests.test_iteration3.TestBackupBody" name="test_restaurar_backup_recem_criado" time="0.197" /><testcase classname="tests.test_iteration3.TestBackupBody" name="test_restaurar_arquivo_inexistente" time="0.073" /><testcase classname="tests.test_iteration3.TestBackupAuto" name="test_desativado" time="0.122" /><testcase classname="tests.test_iteration3.TestBackupAuto" name="test_criado_e_ja_realizado_hoje" time="0.271" /><testcase classname="tests.test_iteration3.TestBackupAuto" name="test_chamadas_simultaneas_nao_duplicam" time="0.321" /><testcase classname="tests.test_iteration3.TestBackupAuto" name="test_requer_auth" time="0.120" /><testcase classname="tests.test_iteration3.TestBackupAuto" name="test_estado_final_ativado" time="5.078"><failure message="AssertionError: Internal Server Error&#10;assert 500 == 200&#10; +  where 500 = &lt;Response [500]&gt;.status_code">tests/test_iteration3.py:163: in test_estado_final_ativado
    self._set_conf(admin, "backup_automatico", "1")
tests/test_iteration3.py:112: in _set_conf
    assert r.status_code == 200, r.text[:200]
E   AssertionError: Internal Server Error
E   assert 500 == 200
E    +  where 500 = &lt;Response [500]&gt;.status_code</failure></testcase><testcase classname="tests.test_iteration3.TestLimparDados" name="test_sem_corpo_400" time="0.061" /><testcase classname="tests.test_iteration3.TestLimparDados" name="test_corpo_vazio_400" time="0.058" /><testcase classname="tests.test_iteration3.TestLimparDados" name="test_confirmacao_errada_400" time="0.070" /><testcase classname="tests.test_iteration3.TestLimparDados" name="test_403_atendente" time="0.068" /><testcase classname="tests.test_iteration3.TestDashboard" name="test_dashboard_estrutura" time="0.063" /><testcase classname="tests.test_iteration3.TestDashboard" name="test_dashboard_atendente_permitido" time="0.052" /><testcase classname="tests.test_iteration3.TestRBAC" name="test_atendente_403_relatorios[/relatorios/financeiro]" time="0.068" /><testcase classname="tests.test_iteration3.TestRBAC" name="test_atendente_403_relatorios[/relatorios/financeiro/csv]" time="0.051" /><testcase classname="tests.test_iteration3.TestRBAC" name="test_atendente_403_relatorios[/relatorios/financeiro/pdf]" time="0.067" /><testcase classname="tests.test_iteration3.TestRBAC" name="test_atendente_403_relatorios[/relatorios/barbeiros]" time="0.054" /><testcase classname="tests.test_iteration3.TestRBAC" name="test_atendente_403_relatorios[/relatorios/barbeiros/pdf]" time="0.067" /><testcase classname="tests.test_iteration3.TestRBAC" name="test_atendente_403_usuarios_e_config" time="0.166" /><testcase classname="tests.test_iteration3.TestRBAC" name="test_admin_200_relatorios[/relatorios/financeiro]" time="0.061" /><testcase classname="tests.test_iteration3.TestRBAC" name="test_admin_200_relatorios[/relatorios/financeiro/csv]" time="0.075" /><testcase classname="tests.test_iteration3.TestRBAC" name="test_admin_200_relatorios[/relatorios/financeiro/pdf]" time="0.117" /><testcase classname="tests.test_iteration3.TestRBAC" name="test_admin_200_relatorios[/relatorios/barbeiros/pdf]" time="0.110" /><testcase classname="tests.test_iteration3.TestRBAC" name="test_admin_200_relatorios[/relatorios/servicos/pdf]" time="0.127" /><testcase classname="tests.test_iteration3.TestRBAC" name="test_admin_200_relatorios[/relatorios/produtos/pdf]" time="0.115" /><testcase classname="tests.test_iteration3.TestRBAC" name="test_admin_200_relatorios[/relatorios/clientes/pdf]" time="0.116" /><testcase classname="tests.test_iteration3.TestRBAC" name="test_pdf_sem_logo_configurada" time="0.394" /><testcase classname="tests.test_iteration3.TestCrudRegressao" name="test_cliente_crud" time="0.323" /><testcase classname="tests.test_iteration3.TestCrudRegressao" name="test_servico_e_barbeiro_crud" time="0.394" /><testcase classname="tests.test_iteration3.TestCrudRegressao" name="test_agendamento_conflito" time="0.390" /><testcase classname="tests.test_iteration3.TestCrudRegressao" name="test_estoque_entrada_saida_ajuste" time="0.518" /><testcase classname="tests.test_iteration3.TestCrudRegressao" name="test_despesa_crud" time="0.199" /><testcase classname="tests.test_iteration3.TestCrudRegressao" name="test_atendimento_comissao" time="0.191" /></testsuite></testsuites>