<?xml version="1.0" encoding="utf-8"?><testsuites name="pytest tests"><testsuite name="pytest" errors="0" failures="0" skipped="0" tests="26" time="81.290" timestamp="2026-08-19T12:00:39.982610+00:00" hostname="agent-env-83579f6d-5c47-41b9-913b-0391e819220f"><testcase classname="tests.backend_test.TestAuth" name="test_login_admin_ok" time="0.399" /><testcase classname="tests.backend_test.TestAuth" name="test_login_bad_password" time="0.352" /><testcase classname="tests.backend_test.TestAuth" name="test_login_atendente_ok" time="0.365" /><testcase classname="tests.backend_test.TestAuth" name="test_me" time="0.450" /><testcase classname="tests.backend_test.TestAuth" name="test_me_no_token" time="0.111" /><testcase classname="tests.backend_test.TestRBAC" name="test_atendente_cannot_list_usuarios" time="0.456" /><testcase classname="tests.backend_test.TestRBAC" name="test_atendente_cannot_put_config" time="0.136" /><testcase classname="tests.backend_test.TestRBAC" name="test_atendente_cannot_backup" time="0.117" /><testcase classname="tests.backend_test.TestRBAC" name="test_admin_can_list_usuarios" time="0.125" /><testcase classname="tests.backend_test.TestClientesCrud" name="test_create_search_delete" time="0.455" /><testcase classname="tests.backend_test.TestBarbeirosServicos" name="test_barbeiro_edit_delete" time="0.398" /><testcase classname="tests.backend_test.TestBarbeirosServicos" name="test_servico_crud" time="0.246" /><testcase classname="tests.backend_test.TestAgendamentos" name="test_create_and_conflict" time="0.925" /><testcase classname="tests.backend_test.TestAtendimento" name="test_full_pos_flow" time="0.943" /><testcase classname="tests.backend_test.TestPacotes" name="test_pacote_use" time="1.019" /><testcase classname="tests.backend_test.TestCaixa" name="test_caixa_flow" time="69.350" /><testcase classname="tests.backend_test.TestEstoque" name="test_movs" time="0.881" /><testcase classname="tests.backend_test.TestDespesasDashboard" name="test_despesa_and_dashboard" time="0.265" /><testcase classname="tests.backend_test.TestRelatorios" name="test_relatorio_json[financeiro]" time="0.125" /><testcase classname="tests.backend_test.TestRelatorios" name="test_relatorio_json[barbeiros]" time="0.131" /><testcase classname="tests.backend_test.TestRelatorios" name="test_relatorio_json[clientes]" time="0.116" /><testcase classname="tests.backend_test.TestRelatorios" name="test_relatorio_json[servicos]" time="1.167" /><testcase classname="tests.backend_test.TestRelatorios" name="test_relatorio_json[produtos]" time="0.124" /><testcase classname="tests.backend_test.TestRelatorios" name="test_relatorio_csv" time="0.127" /><testcase classname="tests.backend_test.TestBackup" name="test_backup_list_create" time="0.245" /><testcase classname="tests.backend_test.TestChangePwd" name="test_change_and_restore" time="2.204" /></testsuite></testsuites>