<?xml version="1.0" encoding="utf-8"?><testsuites name="pytest tests"><testsuite name="pytest" errors="0" failures="1" skipped="0" tests="20" time="5.305" timestamp="2026-08-20T02:49:30.503855+00:00" hostname="agent-env-83579f6d-5c47-41b9-913b-0391e819220f"><testcase classname="tests.test_iteration2.TestIdentidadePublica" name="test_identidade_sem_auth" time="0.327" /><testcase classname="tests.test_iteration2.TestIdentidadePublica" name="test_identidade_reflete_config_salvada" time="0.738" /><testcase classname="tests.test_iteration2.TestRelatorioPDFLogo" name="test_pdf_com_logo_base64" time="0.367" /><testcase classname="tests.test_iteration2.TestRelatorioPDFLogo" name="test_pdf_com_logo_vazia" time="0.349" /><testcase classname="tests.test_iteration2.TestRelatorioPDFLogo" name="test_pdf_com_logo_url_http" time="0.290" /><testcase classname="tests.test_iteration2.TestRelatorioPDFLogo" name="test_pdf_com_logo_base64_invalida" time="0.282" /><testcase classname="tests.test_iteration2.TestAniversariantes" name="test_dashboard_aniversariantes_estrutura_e_ordem" time="0.076"><failure message="StopIteration">tests/test_iteration2.py:146: in test_dashboard_aniversariantes_estrutura_e_ordem
    rafael = next(a for a in aniv if a["nome"] == "Rafael Alves")
             ^^^^^^^^^^^^^^^^^^^^^^^^^^^^^^^^^^^^^^^^^^^^^^^^^^^^
E   StopIteration</failure></testcase><testcase classname="tests.test_iteration2.TestAniversariantes" name="test_novo_cliente_aparece_no_card" time="0.217" /><testcase classname="tests.test_iteration2.TestAniversariantes" name="test_nascimento_vazio_nao_quebra" time="0.208" /><testcase classname="tests.test_iteration2.TestBackupAuto" name="test_requer_auth" time="0.114" /><testcase classname="tests.test_iteration2.TestBackupAuto" name="test_desativado" time="0.136" /><testcase classname="tests.test_iteration2.TestBackupAuto" name="test_cria_e_depois_ja_realizado_hoje" time="0.197" /><testcase classname="tests.test_iteration2.TestBackupAuto" name="test_atendente_tambem_pode_disparar" time="0.425" /><testcase classname="tests.test_iteration2.TestBackupAuto" name="test_estado_final_backup_ativado" time="0.131" /><testcase classname="tests.test_iteration2.TestRegressao" name="test_login_admin_e_atendente" time="0.145" /><testcase classname="tests.test_iteration2.TestRegressao" name="test_atendente_bloqueado_em_backup_config_logs" time="0.252" /><testcase classname="tests.test_iteration2.TestRegressao" name="test_atendente_bloqueado_em_relatorios_api" time="0.212" /><testcase classname="tests.test_iteration2.TestRegressao" name="test_atendimento_total_e_comissao" time="0.212" /><testcase classname="tests.test_iteration2.TestRegressao" name="test_caixa_fluxo" time="0.401" /><testcase classname="tests.test_iteration2.TestRegressao" name="test_limpar_dados_exige_confirmacao" time="0.118" /></testsuite></testsuites>