<?xml version="1.0" encoding="utf-8"?><testsuites name="pytest tests"><testsuite name="pytest" errors="0" failures="0" skipped="1" tests="20" time="4.833" timestamp="2026-08-19T11:59:55.317549+00:00" hostname="agent-env-83579f6d-5c47-41b9-913b-0391e819220f"><testcase classname="tests.test_iteration2.TestIdentidadePublica" name="test_identidade_sem_auth" time="0.185" /><testcase classname="tests.test_iteration2.TestIdentidadePublica" name="test_identidade_reflete_config_salvada" time="0.815" /><testcase classname="tests.test_iteration2.TestRelatorioPDFLogo" name="test_pdf_com_logo_base64" time="0.346" /><testcase classname="tests.test_iteration2.TestRelatorioPDFLogo" name="test_pdf_com_logo_vazia" time="0.289" /><testcase classname="tests.test_iteration2.TestRelatorioPDFLogo" name="test_pdf_com_logo_url_http" time="0.291" /><testcase classname="tests.test_iteration2.TestRelatorioPDFLogo" name="test_pdf_com_logo_base64_invalida" time="0.284" /><testcase classname="tests.test_iteration2.TestAniversariantes" name="test_dashboard_aniversariantes_estrutura_e_ordem" time="0.063" /><testcase classname="tests.test_iteration2.TestAniversariantes" name="test_novo_cliente_aparece_no_card" time="0.196" /><testcase classname="tests.test_iteration2.TestAniversariantes" name="test_nascimento_vazio_nao_quebra" time="0.203" /><testcase classname="tests.test_iteration2.TestBackupAuto" name="test_requer_auth" time="0.108" /><testcase classname="tests.test_iteration2.TestBackupAuto" name="test_desativado" time="0.132" /><testcase classname="tests.test_iteration2.TestBackupAuto" name="test_cria_e_depois_ja_realizado_hoje" time="0.185" /><testcase classname="tests.test_iteration2.TestBackupAuto" name="test_atendente_tambem_pode_disparar" time="0.394" /><testcase classname="tests.test_iteration2.TestBackupAuto" name="test_estado_final_backup_ativado" time="0.147" /><testcase classname="tests.test_iteration2.TestRegressao" name="test_login_admin_e_atendente" time="0.108" /><testcase classname="tests.test_iteration2.TestRegressao" name="test_atendente_bloqueado_em_backup_config_logs" time="0.182" /><testcase classname="tests.test_iteration2.TestRegressao" name="test_atendente_bloqueado_em_relatorios_api" time="0.050"><skipped type="pytest.xfail" message="GAP conhecido: /relatorios/* usa get_current_user (nao require_admin); atendente consegue ler relatorios/PDF/CSV via API mesmo com UI escondida" /></testcase><testcase classname="tests.test_iteration2.TestRegressao" name="test_atendimento_total_e_comissao" time="0.199" /><testcase classname="tests.test_iteration2.TestRegressao" name="test_caixa_fluxo" time="0.419" /><testcase classname="tests.test_iteration2.TestRegressao" name="test_limpar_dados_exige_confirmacao" time="0.127" /></testsuite></testsuites>