<?xml version="1.0" encoding="utf-8"?><testsuites name="pytest tests"><testsuite name="pytest" errors="0" failures="1" skipped="0" tests="39" time="12.438" timestamp="2026-08-20T02:45:55.114718+00:00" hostname="agent-env-83579f6d-5c47-41b9-913b-0391e819220f"><testcase classname="tests.test_iteration3.TestBackupBody" name="test_backup_com_corpo_vazio" time="0.677" /><testcase classname="tests.test_iteration3.TestBackupBody" name="test_backup_com_pasta" time="0.075" /><testcase classname="tests.test_iteration3.TestBackupBody" name="test_backup_sem_corpo" time="0.093" /><testcase classname="tests.test_iteration3.TestBackupBody" name="test_backup_body_null_explicito" time="0.076" /><testcase classname="tests.test_iteration3.TestBackupBody" name="test_backup_lista_contem_criados" time="0.070" /><testcase classname="tests.test_iteration3.TestBackupBody" name="test_backup_403_atendente" time="0.497" /><testcase classname="tests.test_iteration3.TestBackupBody" name="test_restaurar_backup_recem_criado" time="0.223" /><testcase classname="tests.test_iteration3.TestBackupBody" name="test_restaurar_arquivo_inexistente" time="0.065" /><testcase classname="tests.test_iteration3.TestBackupAuto" name="test_desativado" time="0.148" /><testcase classname="tests.test_iteration3.TestBackupAuto" name="test_criado_e_ja_realizado_hoje" time="0.292" /><testcase classname="tests.test_iteration3.TestBackupAuto" name="test_chamadas_simultaneas_nao_duplicam" time="0.424" /><testcase classname="tests.test_iteration3.TestBackupAuto" name="test_requer_auth" time="0.168" /><testcase classname="tests.test_iteration3.TestBackupAuto" name="test_estado_final_ativado" time="5.076"><failure message="AssertionError: Internal Server Error&#10;assert 500 == 200&#10; +  where 500 = &lt;Response [500]&gt;.status_code">tests/test_iteration3.py:163: in test_estado_final_ativado
    self._set_conf(admin, "backup_automatico", "1")
tests/test_iteration3.py:112: in _set_conf
    assert r.status_code == 200, r.text[:200]
E   AssertionError: Internal Server Error
E   assert 500 == 200
E    +  where 500 = &lt;Response [500]&gt;.status_code</failure></testcase><testcase classname="tests.test_iteration3.TestLimparDados" name="test_sem_corpo_400" time="0.076" /><testcase classname="tests.test_iteration3.TestLimparDados" name="test_corpo_vazio_400" time="0.072" /><testcase classname="tests.test_iteration3.TestLimparDados" name="test_confirmacao_errada_400" time="0.069" /><testcase classname="tests.test_iteration3.TestLimparDados" name="test_403_atendente" time="0.072" /><testcase classname="tests.test_iteration3.TestDashboard" name="test_dashboard_estrutura" time="0.071" /><testcase classname="tests.test_iteration3.TestDashboard" name="test_dashboard_atendente_permitido" time="0.069" /><testcase classname="tests.test_iteration3.TestRBAC" name="test_atendente_403_relatorios[/relatorios/financeiro]" time="0.074" /><testcase classname="tests.test_iteration3.TestRBAC" name="test_atendente_403_relatorios[/relatorios/financeiro/csv]" time="0.075" /><testcase classname="tests.test_iteration3.TestRBAC" name="test_atendente_403_relatorios[/relatorios/financeiro/pdf]" time="0.070" /><testcase classname="tests.test_iteration3.TestRBAC" name="test_atendente_403_relatorios[/relatorios/barbeiros]" time="0.073" /><testcase classname="tests.test_iteration3.TestRBAC" name="test_atendente_403_relatorios[/relatorios/barbeiros/pdf]" time="0.077" /><testcase classname="tests.test_iteration3.TestRBAC" name="test_atendente_403_usuarios_e_config" time="0.217" /><testcase classname="tests.test_iteration3.TestRBAC" name="test_admin_200_relatorios[/relatorios/financeiro]" time="0.070" /><testcase classname="tests.test_iteration3.TestRBAC" name="test_admin_200_relatorios[/relatorios/financeiro/csv]" time="0.068" /><testcase classname="tests.test_iteration3.TestRBAC" name="test_admin_200_relatorios[/relatorios/financeiro/pdf]" time="0.196" /><testcase classname="tests.test_iteration3.TestRBAC" name="test_admin_200_relatorios[/relatorios/barbeiros/pdf]" time="0.124" /><testcase classname="tests.test_iteration3.TestRBAC" name="test_admin_200_relatorios[/relatorios/servicos/pdf]" time="0.121" /><testcase classname="tests.test_iteration3.TestRBAC" name="test_admin_200_relatorios[/relatorios/produtos/pdf]" time="0.130" /><testcase classname="tests.test_iteration3.TestRBAC" name="test_admin_200_relatorios[/relatorios/clientes/pdf]" time="0.122" /><testcase classname="tests.test_iteration3.TestRBAC" name="test_pdf_sem_logo_configurada" time="0.401" /><testcase classname="tests.test_iteration3.TestCrudRegressao" name="test_cliente_crud" time="0.343" /><testcase classname="tests.test_iteration3.TestCrudRegressao" name="test_servico_e_barbeiro_crud" time="0.415" /><testcase classname="tests.test_iteration3.TestCrudRegressao" name="test_agendamento_conflito" time="0.412" /><testcase classname="tests.test_iteration3.TestCrudRegressao" name="test_estoque_entrada_saida_ajuste" time="0.577" /><testcase classname="tests.test_iteration3.TestCrudRegressao" name="test_despesa_crud" time="0.210" /><testcase classname="tests.test_iteration3.TestCrudRegressao" name="test_atendimento_comissao" time="0.213" /></testsuite></testsuites>