<?xml version="1.0" encoding="utf-8"?><testsuites name="pytest tests"><testsuite name="pytest" errors="0" failures="0" skipped="0" tests="26" time="8.622" timestamp="2026-08-18T00:41:16.080616+00:00" hostname="agent-env-83579f6d-5c47-41b9-913b-0391e819220f"><testcase classname="tests.backend_test.TestAuth" name="test_login_admin_ok" time="0.699" /><testcase classname="tests.backend_test.TestRelatorios" name="test_relatorio_json[financeiro]" time="0.810" /><testcase classname="tests.backend_test.TestAuth" name="test_login_bad_password" time="0.403" /><testcase classname="tests.backend_test.TestRelatorios" name="test_relatorio_json[barbeiros]" time="0.099" /><testcase classname="tests.backend_test.TestRelatorios" name="test_relatorio_json[clientes]" time="0.159" /><testcase classname="tests.backend_test.TestRelatorios" name="test_relatorio_json[servicos]" time="0.098" /><testcase classname="tests.backend_test.TestAuth" name="test_login_atendente_ok" time="0.426" /><testcase classname="tests.backend_test.TestRelatorios" name="test_relatorio_json[produtos]" time="0.120" /><testcase classname="tests.backend_test.TestRelatorios" name="test_relatorio_csv" time="0.163" /><testcase classname="tests.backend_test.TestRBAC" name="test_atendente_cannot_list_usuarios" time="0.715" /><testcase classname="tests.backend_test.TestAuth" name="test_me" time="0.607" /><testcase classname="tests.backend_test.TestAuth" name="test_me_no_token" time="0.109" /><testcase classname="tests.backend_test.TestRBAC" name="test_atendente_cannot_put_config" time="0.143" /><testcase classname="tests.backend_test.TestBarbeirosServicos" name="test_barbeiro_edit_delete" time="0.381" /><testcase classname="tests.backend_test.TestRBAC" name="test_atendente_cannot_backup" time="0.136" /><testcase classname="tests.backend_test.TestRBAC" name="test_admin_can_list_usuarios" time="0.288" /><testcase classname="tests.backend_test.TestBarbeirosServicos" name="test_servico_crud" time="0.231" /><testcase classname="tests.backend_test.TestClientesCrud" name="test_create_search_delete" time="0.543" /><testcase classname="tests.backend_test.TestAgendamentos" name="test_create_and_conflict" time="0.916" /><testcase classname="tests.backend_test.TestPacotes" name="test_pacote_use" time="1.192" /><testcase classname="tests.backend_test.TestAtendimento" name="test_full_pos_flow" time="0.902" /><testcase classname="tests.backend_test.TestCaixa" name="test_caixa_flow" time="1.022" /><testcase classname="tests.backend_test.TestEstoque" name="test_movs" time="0.735" /><testcase classname="tests.backend_test.TestDespesasDashboard" name="test_despesa_and_dashboard" time="0.239" /><testcase classname="tests.backend_test.TestBackup" name="test_backup_list_create" time="0.258" /><testcase classname="tests.backend_test.TestChangePwd" name="test_change_and_restore" time="2.255" /></testsuite></testsuites>